0 info it worked if it ends with ok
1 verbose cli [ 'C:\\Program Files\\nodejs\\node.exe',
1 verbose cli   'C:\\Users\\mpham\\AppData\\Roaming\\npm\\node_modules\\yapm\\bin\\npm-cli.js',
1 verbose cli   'install',
1 verbose cli   '-g',
1 verbose cli   'typings' ]
2 info using yapm@2.4.2
3 info using node@v6.2.1
4 silly cache add args [ 'typings', null ]
5 verbose cache add spec typings
6 silly cache add parsed spec Result {
6 silly cache add   raw: 'typings',
6 silly cache add   scope: null,
6 silly cache add   name: 'typings',
6 silly cache add   rawSpec: '',
6 silly cache add   spec: '*',
6 silly cache add   type: 'range' }
7 verbose addNamed typings@*
8 silly addNamed semver.valid null
9 silly addNamed semver.validRange *
10 silly addNameRange { name: 'typings', range: '*', hasData: false }
11 silly mapToRegistry name typings
12 silly mapToRegistry using default registry
13 silly mapToRegistry registry https://registry.npmjs.org/
14 silly mapToRegistry uri https://registry.npmjs.org/typings
15 verbose addNameRange registry:https://registry.npmjs.org/typings not in flight; fetching
16 verbose request uri https://registry.npmjs.org/typings
17 verbose request no auth needed
18 info attempt registry request try #1 at 3:33:07 AM
19 verbose request id 8a29426e77a5556c
20 verbose etag "YHH2332I9RB0507XE5DEJ2OR"
21 http GET https://registry.npmjs.org/typings
22 http 200 https://registry.npmjs.org/typings
23 silly get cb [ 200,
23 silly get   { server: 'CouchDB/1.5.0 (Erlang OTP/R16B03)',
23 silly get     etag: '"6PWE0AMPWSNQJZ19S03UOWTSX"',
23 silly get     'content-type': 'application/json',
23 silly get     'content-encoding': 'gzip',
23 silly get     'cache-control': 'max-age=300',
23 silly get     'content-length': '18401',
23 silly get     'accept-ranges': 'bytes',
23 silly get     date: 'Sat, 18 Jun 2016 07:33:08 GMT',
23 silly get     via: '1.1 varnish',
23 silly get     age: '231',
23 silly get     connection: 'keep-alive',
23 silly get     'x-served-by': 'cache-iad2139-IAD',
23 silly get     'x-cache': 'HIT',
23 silly get     'x-cache-hits': '1',
23 silly get     'x-timer': 'S1466235188.034300,VS0,VE0',
23 silly get     vary: 'Accept-Encoding' } ]
24 verbose get saving typings to C:\Users\mpham\AppData\Roaming\npm-cache\registry.npmjs.org\typings\.cache.json
25 silly addNameRange number 2 { name: 'typings', range: '*', hasData: true }
26 silly addNameRange versions [ 'typings',
26 silly addNameRange   [ '0.0.0',
26 silly addNameRange     '0.0.2',
26 silly addNameRange     '0.0.3',
26 silly addNameRange     '0.0.4',
26 silly addNameRange     '0.0.5',
26 silly addNameRange     '0.0.6',
26 silly addNameRange     '0.0.7',
26 silly addNameRange     '0.0.8',
26 silly addNameRange     '0.0.9',
26 silly addNameRange     '0.0.10',
26 silly addNameRange     '0.0.11',
26 silly addNameRange     '0.0.12',
26 silly addNameRange     '0.0.13',
26 silly addNameRange     '0.1.0',
26 silly addNameRange     '0.1.1',
26 silly addNameRange     '0.1.2',
26 silly addNameRange     '0.1.3',
26 silly addNameRange     '0.1.4',
26 silly addNameRange     '0.1.5',
26 silly addNameRange     '0.1.6',
26 silly addNameRange     '0.1.7',
26 silly addNameRange     '0.2.0',
26 silly addNameRange     '0.2.1',
26 silly addNameRange     '0.2.2',
26 silly addNameRange     '0.2.3',
26 silly addNameRange     '0.2.4',
26 silly addNameRange     '0.3.0',
26 silly addNameRange     '0.3.1',
26 silly addNameRange     '0.3.2',
26 silly addNameRange     '0.3.3',
26 silly addNameRange     '0.3.4',
26 silly addNameRange     '0.3.5',
26 silly addNameRange     '0.4.0',
26 silly addNameRange     '0.4.1',
26 silly addNameRange     '0.5.0',
26 silly addNameRange     '0.5.1',
26 silly addNameRange     '0.5.2',
26 silly addNameRange     '0.6.0',
26 silly addNameRange     '0.6.1',
26 silly addNameRange     '0.6.2',
26 silly addNameRange     '0.6.3',
26 silly addNameRange     '0.6.4',
26 silly addNameRange     '0.6.5',
26 silly addNameRange     '0.6.6',
26 silly addNameRange     '0.6.7',
26 silly addNameRange     '0.6.8',
26 silly addNameRange     '0.6.9',
26 silly addNameRange     '0.6.10',
26 silly addNameRange     '0.7.0',
26 silly addNameRange     '0.7.1',
26 silly addNameRange     '0.7.2',
26 silly addNameRange     '0.7.3',
26 silly addNameRange     '0.7.4',
26 silly addNameRange     '0.7.5',
26 silly addNameRange     '0.7.6',
26 silly addNameRange     '0.7.7',
26 silly addNameRange     '0.7.8',
26 silly addNameRange     '0.7.9',
26 silly addNameRange     '0.7.10',
26 silly addNameRange     '0.7.11',
26 silly addNameRange     '0.7.12',
26 silly addNameRange     '0.8.0',
26 silly addNameRange     '0.8.1',
26 silly addNameRange     '1.0.1',
26 silly addNameRange     '1.0.2',
26 silly addNameRange     '1.0.3',
26 silly addNameRange     '1.0.4',
26 silly addNameRange     '1.0.5',
26 silly addNameRange     '1.1.0',
26 silly addNameRange     '1.2.0',
26 silly addNameRange     '1.3.0' ] ]
27 verbose addNamed typings@1.3.0
28 silly addNamed semver.valid 1.3.0
29 silly addNamed semver.validRange 1.3.0
30 silly mapToRegistry name typings
31 silly mapToRegistry using default registry
32 silly mapToRegistry registry https://registry.npmjs.org/
33 silly mapToRegistry uri https://registry.npmjs.org/typings
34 verbose addRemoteTarball https://registry.npmjs.org/typings/-/typings-1.3.0.tgz not in flight; adding
35 verbose addRemoteTarball [ 'https://registry.npmjs.org/typings/-/typings-1.3.0.tgz',
35 verbose addRemoteTarball   '2e597032521c73d007469996b8db260c7c435239' ]
36 info retry fetch attempt 1 at 3:33:08 AM
37 info attempt registry request try #1 at 3:33:08 AM
38 http GET https://registry.npmjs.org/typings/-/typings-1.3.0.tgz
39 http 200 https://registry.npmjs.org/typings/-/typings-1.3.0.tgz
40 silly fetchAndShaCheck shasum 2e597032521c73d007469996b8db260c7c435239
41 verbose addTmpTarball C:\Users\mpham\AppData\Local\Temp\npm-19336-c97b61a9\registry.npmjs.org\typings\-\typings-1.3.0.tgz not in flight; adding
42 verbose addTmpTarball already have metadata; skipping unpack for typings@1.3.0
43 silly cache afterAdd typings@1.3.0
44 verbose afterAdd C:\Users\mpham\AppData\Roaming\npm-cache\typings\1.3.0\package\package.json not in flight; writing
45 verbose afterAdd C:\Users\mpham\AppData\Roaming\npm-cache\typings\1.3.0\package\package.json written
46 silly install resolved [ { name: 'typings',
46 silly install resolved     version: '1.3.0',
46 silly install resolved     description: 'The TypeScript Definition Manager',
46 silly install resolved     main: 'dist/bin.js',
46 silly install resolved     bin: { typings: 'dist/bin.js' },
46 silly install resolved     files: [ 'dist/', 'typings.json' ],
46 silly install resolved     scripts:
46 silly install resolved      { lint: 'tslint \'src/**/*.ts\'',
46 silly install resolved        build: 'rimraf dist/ && tsc',
46 silly install resolved        docs: 'node scripts/docs-commands.js',
46 silly install resolved        'dependency-check': 'dependency-check . --entry dist/bin.js --missing --no-dev && dependency-check . --entry dist/bin.js --unused --no-dev -i bluebird',
46 silly install resolved        test: 'npm run lint && npm run build && npm run dependency-check',
46 silly install resolved        prepublish: 'node -e "require(\'typings-core\').install({ cwd: process.cwd() })" && npm run build' },
46 silly install resolved     repository: { type: 'git', url: 'git://github.com/typings/typings.git' },
46 silly install resolved     keywords:
46 silly install resolved      [ 'typings',
46 silly install resolved        'typescript',
46 silly install resolved        'definition',
46 silly install resolved        'declaration',
46 silly install resolved        'package',
46 silly install resolved        'manager',
46 silly install resolved        'typed' ],
46 silly install resolved     author:
46 silly install resolved      { name: 'Blake Embrey',
46 silly install resolved        email: 'hello@blakeembrey.com',
46 silly install resolved        url: 'http://blakeembrey.me' },
46 silly install resolved     license: 'MIT',
46 silly install resolved     bugs: { url: 'https://github.com/typings/typings/issues' },
46 silly install resolved     homepage: 'https://github.com/typings/typings',
46 silly install resolved     dependencies:
46 silly install resolved      { 'any-promise': '^1.0.0',
46 silly install resolved        archy: '^1.0.0',
46 silly install resolved        bluebird: '^3.1.1',
46 silly install resolved        chalk: '^1.0.0',
46 silly install resolved        columnify: '^1.5.2',
46 silly install resolved        listify: '^1.0.0',
46 silly install resolved        minimist: '^1.2.0',
46 silly install resolved        'typings-core': '^1.2.0',
46 silly install resolved        'update-notifier': '^1.0.0',
46 silly install resolved        wordwrap: '^1.0.0',
46 silly install resolved        xtend: '^4.0.1' },
46 silly install resolved     devDependencies:
46 silly install resolved      { 'dependency-check': '^2.5.1',
46 silly install resolved        nock: '^8.0.0',
46 silly install resolved        rimraf: '^2.5.2',
46 silly install resolved        'ts-node': '^0.9.0',
46 silly install resolved        tslint: '^3.5.0',
46 silly install resolved        'tslint-config-standard': '^1.0.0',
46 silly install resolved        typescript: '^1.8.7' },
46 silly install resolved     gitHead: '3432eb09027c91446d9c970b9cc747ce05650c16',
46 silly install resolved     _id: 'typings@1.3.0',
46 silly install resolved     _shasum: '2e597032521c73d007469996b8db260c7c435239',
46 silly install resolved     _from: 'typings@*',
46 silly install resolved     _npmVersion: '3.9.3',
46 silly install resolved     _nodeVersion: '6.2.1',
46 silly install resolved     _npmUser: { name: 'blakeembrey', email: 'hello@blakeembrey.com' },
46 silly install resolved     dist:
46 silly install resolved      { shasum: '2e597032521c73d007469996b8db260c7c435239',
46 silly install resolved        tarball: 'https://registry.npmjs.org/typings/-/typings-1.3.0.tgz' },
46 silly install resolved     maintainers: [ [Object] ],
46 silly install resolved     _npmOperationalInternal:
46 silly install resolved      { host: 'packages-12-west.internal.npmjs.com',
46 silly install resolved        tmp: 'tmp/typings-1.3.0.tgz_1466104881599_0.19894035812467337' },
46 silly install resolved     directories: {},
46 silly install resolved     _resolved: 'https://registry.npmjs.org/typings/-/typings-1.3.0.tgz' } ]
47 info install typings@1.3.0 into C:\Program Files\nodejs
48 info installOne typings@1.3.0
49 verbose installOne of typings to C:\Program Files\nodejs not in flight; installing
50 verbose lock using C:\Users\mpham\AppData\Roaming\npm-cache\_locks\typings-b87220f535fe5167.lock for C:\Program Files\nodejs\node_modules\typings
51 silly install write writing typings 1.3.0 to C:\Program Files\nodejs\node_modules\typings
52 silly cache addNamed cb typings@1.3.0
53 verbose unbuild node_modules\typings
54 verbose gentlyRm vacuuming C:\Program Files\nodejs\node_modules\typings
55 verbose tar unpack C:\Users\mpham\AppData\Roaming\npm-cache\typings\1.3.0\package.tgz
56 verbose tar unpacking to C:\Program Files\nodejs\node_modules\typings
57 verbose gentlyRm vacuuming C:\Program Files\nodejs\node_modules\typings
58 silly gunzTarPerm modes [ '777', '666' ]
59 error tar.unpack untar error C:\Users\mpham\AppData\Roaming\npm-cache\typings\1.3.0\package.tgz
60 verbose unlock done using C:\Users\mpham\AppData\Roaming\npm-cache\_locks\typings-b87220f535fe5167.lock for C:\Program Files\nodejs\node_modules\typings
61 verbose fstream_path C:\Program Files\nodejs\node_modules\typings
62 verbose fstream_type Directory
63 verbose fstream_class DirWriter
64 verbose stack Error: EPERM: operation not permitted, mkdir 'C:\Program Files\nodejs\node_modules\typings'
64 verbose stack     at Error (native)
65 verbose fstream_stack C:\Users\mpham\AppData\Roaming\npm\node_modules\yapm\node_modules\fstream\lib\dir-writer.js:36:23
65 verbose fstream_stack C:\Users\mpham\AppData\Roaming\npm\node_modules\yapm\node_modules\mkdirp\index.js:46:53
65 verbose fstream_stack FSReqWrap.oncomplete (fs.js:117:15)
66 verbose cwd d:\Projects\Repositories\node\build-config
67 error Windows_NT 10.0.10586
68 error argv "C:\\Program Files\\nodejs\\node.exe" "C:\\Users\\mpham\\AppData\\Roaming\\npm\\node_modules\\yapm\\bin\\npm-cli.js" "install" "-g" "typings"
69 error node v6.2.1
70 error npm  v2.4.2
71 error path C:\Program Files\nodejs\node_modules\typings
72 error code EPERM
73 error errno -4048
74 error syscall mkdir
75 error Error: EPERM: operation not permitted, mkdir 'C:\Program Files\nodejs\node_modules\typings'
75 error     at Error (native)
75 error  { Error: EPERM: operation not permitted, mkdir 'C:\Program Files\nodejs\node_modules\typings'
75 error     at Error (native)
75 error   errno: -4048,
75 error   code: 'EPERM',
75 error   syscall: 'mkdir',
75 error   path: 'C:\\Program Files\\nodejs\\node_modules\\typings',
75 error   fstream_type: 'Directory',
75 error   fstream_path: 'C:\\Program Files\\nodejs\\node_modules\\typings',
75 error   fstream_class: 'DirWriter',
75 error   fstream_stack:
75 error    [ 'C:\\Users\\mpham\\AppData\\Roaming\\npm\\node_modules\\yapm\\node_modules\\fstream\\lib\\dir-writer.js:36:23',
75 error      'C:\\Users\\mpham\\AppData\\Roaming\\npm\\node_modules\\yapm\\node_modules\\mkdirp\\index.js:46:53',
75 error      'FSReqWrap.oncomplete (fs.js:117:15)' ] }
76 error Please try running this command again as root/Administrator.
77 verbose exit [ -4048, true ]
78 verbose unbuild node_modules\typings
79 verbose gentlyRm vacuuming C:\Program Files\nodejs\node_modules\typings
